C51 COMPILER V9.54   DELAY                                                                 04/01/2026 10:54:51 PAGE 1   


C51 COMPILER V9.54, COMPILATION OF MODULE DELAY
OBJECT MODULE PLACED IN .\Objects\Delay.obj
COMPILER INVOKED BY: D:\keil\C51\BIN\C51.EXE Delay.c OPTIMIZE(8,SPEED) BROWSE DEBUG OBJECTEXTEND PRINT(.\Listings\Delay.
                    -lst) TABS(2) OBJECT(.\Objects\Delay.obj)

line level    source

   1          #include <intrins.h>
   2          #include "Delay.h"
   3          
   4          /* 11.0592 MHz, 12T: 1 machine cycle ˜ 1.085 us */
   5          
   6          void delay_us(unsigned int us)
   7          {
   8   1          while (us--)
   9   1          {
  10   2              _nop_();
  11   2              _nop_();
  12   2          }
  13   1      }
  14          
  15          void delay_ms(unsigned int ms)
  16          {
  17   1          unsigned int i;
  18   1          while (ms--)
  19   1              for (i = 0; i < 114; i++);   /* ~1 ms at 11.0592 MHz 12T */
  20   1      }


MODULE INFORMATION:   STATIC OVERLAYABLE
   CODE SIZE        =     45    ----
   CONSTANT SIZE    =   ----    ----
   XDATA SIZE       =   ----    ----
   PDATA SIZE       =   ----    ----
   DATA SIZE        =   ----    ----
   IDATA SIZE       =   ----    ----
   BIT SIZE         =   ----    ----
END OF MODULE INFORMATION.


C51 COMPILATION COMPLETE.  0 WARNING(S),  0 ERROR(S)
