C51 COMPILER V9.54   LCD1602                                                               04/01/2026 10:56:23 PAGE 1   


C51 COMPILER V9.54, COMPILATION OF MODULE LCD1602
OBJECT MODULE PLACED IN .\Objects\lcd1602.obj
COMPILER INVOKED BY: D:\keil\C51\BIN\C51.EXE lcd1602.c OPTIMIZE(8,SPEED) BROWSE DEBUG OBJECTEXTEND PRINT(.\Listings\lcd1
                    -602.lst) TABS(2) OBJECT(.\Objects\lcd1602.obj)

line level    source

   1          #include <REGX52.H>
   2          
   3          
   4          sbit LCD_RS=P2^6;
   5          sbit LCD_RW=P2^5;
   6          sbit LCD_EN=P2^7;
   7          #define LCD_DataPort P0
   8          
   9          
  10          void LCD_Delay()
  11          {
  12   1        unsigned char i, j;
  13   1      
  14   1        i = 2;
  15   1        j = 239;
  16   1        do
  17   1        {
  18   2          while (--j);
  19   2        } while (--i);
  20   1      }
  21          
  22          
  23          void LCD_WriteCommand(unsigned char Command)
  24          {
  25   1        LCD_RS=0;
  26   1        LCD_RW=0;
  27   1        LCD_DataPort=Command;
  28   1        LCD_EN=1;
  29   1        LCD_Delay();
  30   1        LCD_EN=0;
  31   1        LCD_Delay();
  32   1      }
  33          
  34          
  35          void LCD_WriteData(unsigned char Data)
  36          {
  37   1        LCD_RS=1;
  38   1        LCD_RW=0;
  39   1        LCD_DataPort=Data;
  40   1        LCD_EN=1;
  41   1        LCD_Delay();
  42   1        LCD_EN=0;
  43   1        LCD_Delay();
  44   1      }
  45          
  46          
  47          void LCD_SetCursor(unsigned char Line,unsigned char Column)
  48          {
  49   1        if(Line==1)
  50   1        {
  51   2          LCD_WriteCommand(0x80|(Column-1));
  52   2        }
  53   1        else if(Line==2)
  54   1        {
C51 COMPILER V9.54   LCD1602                                                               04/01/2026 10:56:23 PAGE 2   

  55   2          LCD_WriteCommand(0x80|(Column-1+0x40));
  56   2        }
  57   1      }
  58          
  59          
  60          void LCD_Init1()
  61          {
  62   1        LCD_WriteCommand(0x38);
  63   1        LCD_WriteCommand(0x0c);
  64   1        LCD_WriteCommand(0x06);
  65   1        LCD_WriteCommand(0x01);
  66   1      }
  67          
  68          
  69          void LCD_ShowChar(unsigned char Line,unsigned char Column,char Char)
  70          {
  71   1        LCD_SetCursor(Line,Column);
  72   1        LCD_WriteData(Char);
  73   1      }
  74          
  75          
  76          void LCD_ShowString(unsigned char Line,unsigned char Column,char *String)
  77          {
  78   1        unsigned char i;
  79   1        LCD_SetCursor(Line,Column);
  80   1        for(i=0;String[i]!='\0';i++)
  81   1        {
  82   2          LCD_WriteData(String[i]);
  83   2        }
  84   1      }
  85          
  86          
  87          int LCD_Pow(int X,int Y)
  88          {
  89   1        unsigned char i;
  90   1        int Result=1;
  91   1        for(i=0;i<Y;i++)
  92   1        {
  93   2          Result*=X;
  94   2        }
  95   1        return Result;
  96   1      }
  97          
  98          
  99          void LCD_ShowNum(unsigned char Line,unsigned char Column,unsigned int Number,unsigned char Length)
 100          {
 101   1        unsigned char i;
 102   1        LCD_SetCursor(Line,Column);
 103   1        for(i=Length;i>0;i--)
 104   1        {
 105   2          LCD_WriteData(Number/LCD_Pow(10,i-1)%10+'0');
 106   2        }
 107   1      }
 108          
 109          
 110          void LCD_ShowSignedNum(unsigned char Line,unsigned char Column,int Number,unsigned char Length)
 111          {
 112   1        unsigned char i;
 113   1        unsigned int Number1;
 114   1        LCD_SetCursor(Line,Column);
 115   1        if(Number>=0)
 116   1        {
C51 COMPILER V9.54   LCD1602                                                               04/01/2026 10:56:23 PAGE 3   

 117   2          LCD_WriteData('+');
 118   2          Number1=Number;
 119   2        }
 120   1        else
 121   1        {
 122   2          LCD_WriteData('-');
 123   2          Number1=-Number;
 124   2        }
 125   1        for(i=Length;i>0;i--)
 126   1        {
 127   2          LCD_WriteData(Number1/LCD_Pow(10,i-1)%10+'0');
 128   2        }
 129   1      }
 130          
 131          void LCD_ShowHexNum(unsigned char Line,unsigned char Column,unsigned int Number,unsigned char Length)
 132          {
 133   1        unsigned char i,SingleNumber;
 134   1        LCD_SetCursor(Line,Column);
 135   1        for(i=Length;i>0;i--)
 136   1        {
 137   2          SingleNumber=Number/LCD_Pow(16,i-1)%16;
 138   2          if(SingleNumber<10)
 139   2          {
 140   3            LCD_WriteData(SingleNumber+'0');
 141   3          }
 142   2          else
 143   2          {
 144   3            LCD_WriteData(SingleNumber-10+'A');
 145   3          }
 146   2        }
 147   1      }
 148          
 149          
 150          void LCD_ShowBinNum(unsigned char Line,unsigned char Column,unsigned int Number,unsigned char Length)
 151          {
 152   1        unsigned char i;
 153   1        LCD_SetCursor(Line,Column);
 154   1        for(i=Length;i>0;i--)
 155   1        {
 156   2          LCD_WriteData(Number/LCD_Pow(2,i-1)%2+'0');
 157   2        }
 158   1      }
 159          
 160          
 161          void lcd_init(void)
 162          {
 163   1        LCD_Init1();
 164   1      }
 165          
 166          // 清屏
 167          void lcd_clear(void)
 168          {
 169   1        LCD_WriteCommand(0x01);
 170   1        LCD_Delay();
 171   1      }
 172          
 173          // 设置光标位置
 174          // row: 0 或 1；col: 0~15
 175          void lcd_set_cursor(unsigned char row, unsigned char col)
 176          {
 177   1        if(row == 0)
 178   1        {
C51 COMPILER V9.54   LCD1602                                                               04/01/2026 10:56:23 PAGE 4   

 179   2          LCD_WriteCommand(0x80 | (col));
 180   2        }
 181   1        else
 182   1        {
 183   2          LCD_WriteCommand(0x80 | (0x40 + col));
 184   2        }
 185   1      }
 186          
 187          // 写入一字节显示数据
 188          void lcd_write_data(unsigned char value)
 189          {
 190   1        LCD_WriteData(value);
 191   1      }
 192          
 193          // 将 8 行点阵写入 CGRAM，自定义字符
 194          // addr: 0~7，自定义字符编号
 195          // pattern: 指向 8 字节点阵数据
 196          void lcd_write_cgram(unsigned char addr, unsigned char *pattern)
 197          {
 198   1        unsigned char i;
 199   1        // 设置 CGRAM 起始地址：每个字符占 8 字节
 200   1        LCD_WriteCommand(0x40 | ((addr & 0x07) << 3));
 201   1        for(i = 0; i < 8; i++)
 202   1        {
 203   2          LCD_WriteData(pattern[i]);
 204   2        }
 205   1      }


MODULE INFORMATION:   STATIC OVERLAYABLE
   CODE SIZE        =    468    ----
   CONSTANT SIZE    =   ----    ----
   XDATA SIZE       =   ----    ----
   PDATA SIZE       =   ----    ----
   DATA SIZE        =   ----      32
   IDATA SIZE       =   ----    ----
   BIT SIZE         =   ----    ----
END OF MODULE INFORMATION.


C51 COMPILATION COMPLETE.  0 WARNING(S),  0 ERROR(S)
