C51 COMPILER V9.54   MAIN                                                                  04/01/2026 10:54:51 PAGE 1   


C51 COMPILER V9.54, COMPILATION OF MODULE MAIN
OBJECT MODULE PLACED IN .\Objects\main.obj
COMPILER INVOKED BY: D:\keil\C51\BIN\C51.EXE main.c OPTIMIZE(8,SPEED) BROWSE DEBUG OBJECTEXTEND PRINT(.\Listings\main.ls
                    -t) TABS(2) OBJECT(.\Objects\main.obj)

line level    source

   1          #include <reg52.h>
   2          #include "Delay.h"
   3          #include "lcd1602.h"
   4          #include "cat_font.h"
   5          
   6          void load_cat_chars(void)
   7          {
   8   1          lcd_write_cgram(0, cat_ear_l);
   9   1          lcd_write_cgram(1, cat_top);
  10   1          lcd_write_cgram(2, cat_ear_r);
  11   1          lcd_write_cgram(3, cat_eye_open_l);
  12   1          lcd_write_cgram(4, cat_nose);
  13   1          lcd_write_cgram(5, cat_eye_open_r);
  14   1          lcd_write_cgram(6, cat_eye_close_l);
  15   1          lcd_write_cgram(7, cat_eye_close_r);
  16   1      }
  17          
  18          void draw_cat(unsigned char blink)
  19          {
  20   1          unsigned char eye_l = blink ? 6 : 3;
  21   1          unsigned char eye_r = blink ? 7 : 5;
  22   1      
  23   1          lcd_set_cursor(0, 7);
  24   1          lcd_write_data(0);
  25   1          lcd_write_data(1);
  26   1          lcd_write_data(2);
  27   1      
  28   1          lcd_set_cursor(1, 7);
  29   1          lcd_write_data(eye_l);
  30   1          lcd_write_data(4);
  31   1          lcd_write_data(eye_r);
  32   1      }
  33          
  34          void main(void)
  35          {
  36   1          unsigned char state = 0;
  37   1      
  38   1          lcd_init();
  39   1          load_cat_chars();
  40   1          lcd_clear();
  41   1      
  42   1          while (1)
  43   1          {
  44   2              draw_cat(state);
  45   2              delay_ms(500);
  46   2              state = !state;
  47   2          }
  48   1      }


MODULE INFORMATION:   STATIC OVERLAYABLE
   CODE SIZE        =    192    ----
   CONSTANT SIZE    =   ----    ----
   XDATA SIZE       =   ----    ----
C51 COMPILER V9.54   MAIN                                                                  04/01/2026 10:54:51 PAGE 2   

   PDATA SIZE       =   ----    ----
   DATA SIZE        =   ----       3
   IDATA SIZE       =   ----    ----
   BIT SIZE         =   ----    ----
END OF MODULE INFORMATION.


C51 COMPILATION COMPLETE.  0 WARNING(S),  0 ERROR(S)
